[debug] [2023-10-28T04:04:30.342Z] ----------------------------------------------------------------------
[debug] [2023-10-28T04:04:30.344Z] Command:       C:\Program Files\nodejs\node.exe C:\Users\tuhoang\AppData\Roaming\npm\node_modules\firebase-tools\lib\bin\firebase.js init
[debug] [2023-10-28T04:04:30.344Z] CLI Version:   12.7.0
[debug] [2023-10-28T04:04:30.345Z] Platform:      win32
[debug] [2023-10-28T04:04:30.345Z] Node Version:  v18.16.0
[debug] [2023-10-28T04:04:30.345Z] Time:          Sat Oct 28 2023 11:04:30 GMT+0700 (Indochina Time)
[debug] [2023-10-28T04:04:30.346Z] ----------------------------------------------------------------------
[debug] 
[debug] [2023-10-28T04:04:30.412Z] > command requires scopes: ["email","openid","https://www.googleapis.com/auth/cloudplatformprojects.readonly","https://www.googleapis.com/auth/firebase","https://www.googleapis.com/auth/cloud-platform"]
[debug] [2023-10-28T04:04:30.413Z] > authorizing via signed-in user (htu25399@gmail.com)
[info] 
     ######## #### ########  ######## ########     ###     ######  ########
     ##        ##  ##     ## ##       ##     ##  ##   ##  ##       ##
     ######    ##  ########  ######   ########  #########  ######  ######
     ##        ##  ##    ##  ##       ##     ## ##     ##       ## ##
     ##       #### ##     ## ######## ########  ##     ##  ######  ########

You're about to initialize a Firebase project in this directory:

  C:\Users\tuhoang\Desktop\coding\side-project\ng-firebase-chat

Before we get started, keep in mind:

  * You are initializing within an existing Firebase project directory

